Classic Timing Analyzer report for PWM
Mon Jun 06 11:54:43 2016
Quartus II Version 9.1 Build 222 10/21/2009 SJ Web Edition


---------------------
; Table of Contents ;
---------------------
  1. Legal Notice
  2. Timing Analyzer Summary
  3. Timing Analyzer Settings
  4. Clock Settings Summary
  5. Parallel Compilation
  6. Clock Setup: 'in_10Mhz'
  7. tsu
  8. tco
  9. th
 10. Timing Analyzer Messages



----------------
; Legal Notice ;
----------------
Copyright (C) 1991-2009 Altera Corporation
Your use of Altera Corporation's design tools, logic functions 
and other software and tools, and its AMPP partner logic 
functions, and any output files from any of the foregoing 
(including device programming or simulation files), and any 
associated documentation or information are expressly subject 
to the terms and conditions of the Altera Program License 
Subscription Agreement, Altera MegaCore Function License 
Agreement, or other applicable license agreement, including, 
without limitation, that your use is for the sole purpose of 
programming logic devices manufactured by Altera and sold by 
Altera or its authorized distributors.  Please refer to the 
applicable agreement for further details.



+----------------------------------------------------------------------------------------------------------------------------------------------------------+
; Timing Analyzer Summary                                                                                                                                  ;
+------------------------------+-------+---------------+----------------------------------+------------+------------+------------+----------+--------------+
; Type                         ; Slack ; Required Time ; Actual Time                      ; From       ; To         ; From Clock ; To Clock ; Failed Paths ;
+------------------------------+-------+---------------+----------------------------------+------------+------------+------------+----------+--------------+
; Worst-case tsu               ; N/A   ; None          ; 1.432 ns                         ; reset      ; pulse~reg0 ; --         ; in_10Mhz ; 0            ;
; Worst-case tco               ; N/A   ; None          ; 8.792 ns                         ; pulse~reg0 ; pulse      ; in_10Mhz   ; --       ; 0            ;
; Worst-case th                ; N/A   ; None          ; -1.030 ns                        ; reset      ; pulse~reg0 ; --         ; in_10Mhz ; 0            ;
; Clock Setup: 'in_10Mhz'      ; N/A   ; None          ; 245.40 MHz ( period = 4.075 ns ) ; counter[5] ; pulse~reg0 ; in_10Mhz   ; in_10Mhz ; 0            ;
; Total number of failed paths ;       ;               ;                                  ;            ;            ;            ;          ; 0            ;
+------------------------------+-------+---------------+----------------------------------+------------+------------+------------+----------+--------------+


+-----------------------------------------------------------------------------------------------------------------------------------------------------+
; Timing Analyzer Settings                                                                                                                            ;
+------------------------------------------------------------------------------------------------------+--------------------+------+----+-------------+
; Option                                                                                               ; Setting            ; From ; To ; Entity Name ;
+------------------------------------------------------------------------------------------------------+--------------------+------+----+-------------+
; Device Name                                                                                          ; EP2C20F484C7       ;      ;    ;             ;
; Timing Models                                                                                        ; Final              ;      ;    ;             ;
; Default hold multicycle                                                                              ; Same as Multicycle ;      ;    ;             ;
; Cut paths between unrelated clock domains                                                            ; On                 ;      ;    ;             ;
; Cut off read during write signal paths                                                               ; On                 ;      ;    ;             ;
; Cut off feedback from I/O pins                                                                       ; On                 ;      ;    ;             ;
; Report Combined Fast/Slow Timing                                                                     ; Off                ;      ;    ;             ;
; Ignore Clock Settings                                                                                ; Off                ;      ;    ;             ;
; Analyze latches as synchronous elements                                                              ; On                 ;      ;    ;             ;
; Enable Recovery/Removal analysis                                                                     ; Off                ;      ;    ;             ;
; Enable Clock Latency                                                                                 ; Off                ;      ;    ;             ;
; Use TimeQuest Timing Analyzer                                                                        ; Off                ;      ;    ;             ;
; Minimum Core Junction Temperature                                                                    ; 0                  ;      ;    ;             ;
; Maximum Core Junction Temperature                                                                    ; 85                 ;      ;    ;             ;
; Number of source nodes to report per destination node                                                ; 10                 ;      ;    ;             ;
; Number of destination nodes to report                                                                ; 10                 ;      ;    ;             ;
; Number of paths to report                                                                            ; 200                ;      ;    ;             ;
; Report Minimum Timing Checks                                                                         ; Off                ;      ;    ;             ;
; Use Fast Timing Models                                                                               ; Off                ;      ;    ;             ;
; Report IO Paths Separately                                                                           ; Off                ;      ;    ;             ;
; Perform Multicorner Analysis                                                                         ; On                 ;      ;    ;             ;
; Reports the worst-case path for each clock domain and analysis                                       ; Off                ;      ;    ;             ;
; Reports worst-case timing paths for each clock domain and analysis                                   ; On                 ;      ;    ;             ;
; Specifies the maximum number of worst-case timing paths to report for each clock domain and analysis ; 100                ;      ;    ;             ;
; Removes common clock path pessimism (CCPP) during slack computation                                  ; Off                ;      ;    ;             ;
; Output I/O Timing Endpoint                                                                           ; Near End           ;      ;    ;             ;
+------------------------------------------------------------------------------------------------------+--------------------+------+----+-------------+


+------------------------------------------------------------------------------------------------------------------------------------------------------------------------------------+
; Clock Settings Summary                                                                                                                                                             ;
+-----------------+--------------------+----------+------------------+---------------+--------------+----------+-----------------------+---------------------+--------+--------------+
; Clock Node Name ; Clock Setting Name ; Type     ; Fmax Requirement ; Early Latency ; Late Latency ; Based on ; Multiply Base Fmax by ; Divide Base Fmax by ; Offset ; Phase offset ;
+-----------------+--------------------+----------+------------------+---------------+--------------+----------+-----------------------+---------------------+--------+--------------+
; in_10Mhz        ;                    ; User Pin ; None             ; 0.000 ns      ; 0.000 ns     ; --       ; N/A                   ; N/A                 ; N/A    ;              ;
+-----------------+--------------------+----------+------------------+---------------+--------------+----------+-----------------------+---------------------+--------+--------------+


Parallel compilation was disabled, but you have multiple processors available. Enable parallel compilation to reduce compilation time.
+-------------------------------------+
; Parallel Compilation                ;
+----------------------------+--------+
; Processors                 ; Number ;
+----------------------------+--------+
; Number detected on machine ; 4      ;
; Maximum allowed            ; 1      ;
+----------------------------+--------+


+---------------------------------------------------------------------------------------------------------------------------------------------------------------------------------------------------------------------------------------+
; Clock Setup: 'in_10Mhz'                                                                                                                                                                                                               ;
+-----------------------------------------+-----------------------------------------------------+-------------+-------------+------------+----------+-----------------------------+---------------------------+-------------------------+
; Slack                                   ; Actual fmax (period)                                ; From        ; To          ; From Clock ; To Clock ; Required Setup Relationship ; Required Longest P2P Time ; Actual Longest P2P Time ;
+-----------------------------------------+-----------------------------------------------------+-------------+-------------+------------+----------+-----------------------------+---------------------------+-------------------------+
; N/A                                     ; 245.40 MHz ( period = 4.075 ns )                    ; counter[5]  ; pulse~reg0  ; in_10Mhz   ; in_10Mhz ; None                        ; None                      ; 3.836 ns                ;
; N/A                                     ; 248.08 MHz ( period = 4.031 ns )                    ; counter[16] ; counter[6]  ; in_10Mhz   ; in_10Mhz ; None                        ; None                      ; 3.792 ns                ;
; N/A                                     ; 248.08 MHz ( period = 4.031 ns )                    ; counter[16] ; counter[8]  ; in_10Mhz   ; in_10Mhz ; None                        ; None                      ; 3.792 ns                ;
; N/A                                     ; 249.69 MHz ( period = 4.005 ns )                    ; counter[16] ; pulse~reg0  ; in_10Mhz   ; in_10Mhz ; None                        ; None                      ; 3.768 ns                ;
; N/A                                     ; 253.94 MHz ( period = 3.938 ns )                    ; counter[7]  ; pulse~reg0  ; in_10Mhz   ; in_10Mhz ; None                        ; None                      ; 3.699 ns                ;
; N/A                                     ; 254.97 MHz ( period = 3.922 ns )                    ; counter[9]  ; counter[6]  ; in_10Mhz   ; in_10Mhz ; None                        ; None                      ; 3.683 ns                ;
; N/A                                     ; 254.97 MHz ( period = 3.922 ns )                    ; counter[9]  ; counter[8]  ; in_10Mhz   ; in_10Mhz ; None                        ; None                      ; 3.683 ns                ;
; N/A                                     ; 254.97 MHz ( period = 3.922 ns )                    ; counter[8]  ; pulse~reg0  ; in_10Mhz   ; in_10Mhz ; None                        ; None                      ; 3.685 ns                ;
; N/A                                     ; 256.67 MHz ( period = 3.896 ns )                    ; counter[9]  ; pulse~reg0  ; in_10Mhz   ; in_10Mhz ; None                        ; None                      ; 3.659 ns                ;
; N/A                                     ; 256.81 MHz ( period = 3.894 ns )                    ; counter[15] ; counter[6]  ; in_10Mhz   ; in_10Mhz ; None                        ; None                      ; 3.655 ns                ;
; N/A                                     ; 256.81 MHz ( period = 3.894 ns )                    ; counter[15] ; counter[8]  ; in_10Mhz   ; in_10Mhz ; None                        ; None                      ; 3.655 ns                ;
; N/A                                     ; 257.07 MHz ( period = 3.890 ns )                    ; counter[6]  ; pulse~reg0  ; in_10Mhz   ; in_10Mhz ; None                        ; None                      ; 3.653 ns                ;
; N/A                                     ; 257.53 MHz ( period = 3.883 ns )                    ; counter[17] ; pulse~reg0  ; in_10Mhz   ; in_10Mhz ; None                        ; None                      ; 3.646 ns                ;
; N/A                                     ; 258.53 MHz ( period = 3.868 ns )                    ; counter[15] ; pulse~reg0  ; in_10Mhz   ; in_10Mhz ; None                        ; None                      ; 3.631 ns                ;
; N/A                                     ; 260.21 MHz ( period = 3.843 ns )                    ; counter[0]  ; counter[17] ; in_10Mhz   ; in_10Mhz ; None                        ; None                      ; 3.602 ns                ;
; N/A                                     ; 261.85 MHz ( period = 3.819 ns )                    ; counter[16] ; counter[10] ; in_10Mhz   ; in_10Mhz ; None                        ; None                      ; 3.580 ns                ;
; N/A                                     ; 264.13 MHz ( period = 3.786 ns )                    ; counter[6]  ; counter[17] ; in_10Mhz   ; in_10Mhz ; None                        ; None                      ; 3.547 ns                ;
; N/A                                     ; 265.46 MHz ( period = 3.767 ns )                    ; counter[17] ; counter[6]  ; in_10Mhz   ; in_10Mhz ; None                        ; None                      ; 3.528 ns                ;
; N/A                                     ; 265.46 MHz ( period = 3.767 ns )                    ; counter[17] ; counter[8]  ; in_10Mhz   ; in_10Mhz ; None                        ; None                      ; 3.528 ns                ;
; N/A                                     ; 268.24 MHz ( period = 3.728 ns )                    ; counter[10] ; counter[6]  ; in_10Mhz   ; in_10Mhz ; None                        ; None                      ; 3.489 ns                ;
; N/A                                     ; 268.24 MHz ( period = 3.728 ns )                    ; counter[10] ; counter[8]  ; in_10Mhz   ; in_10Mhz ; None                        ; None                      ; 3.489 ns                ;
; N/A                                     ; 268.53 MHz ( period = 3.724 ns )                    ; counter[16] ; counter[17] ; in_10Mhz   ; in_10Mhz ; None                        ; None                      ; 3.485 ns                ;
; N/A                                     ; 268.53 MHz ( period = 3.724 ns )                    ; counter[16] ; counter[11] ; in_10Mhz   ; in_10Mhz ; None                        ; None                      ; 3.485 ns                ;
; N/A                                     ; 268.60 MHz ( period = 3.723 ns )                    ; counter[16] ; counter[16] ; in_10Mhz   ; in_10Mhz ; None                        ; None                      ; 3.484 ns                ;
; N/A                                     ; 269.03 MHz ( period = 3.717 ns )                    ; counter[1]  ; counter[17] ; in_10Mhz   ; in_10Mhz ; None                        ; None                      ; 3.476 ns                ;
; N/A                                     ; 269.25 MHz ( period = 3.714 ns )                    ; counter[8]  ; counter[17] ; in_10Mhz   ; in_10Mhz ; None                        ; None                      ; 3.475 ns                ;
; N/A                                     ; 269.54 MHz ( period = 3.710 ns )                    ; counter[9]  ; counter[10] ; in_10Mhz   ; in_10Mhz ; None                        ; None                      ; 3.471 ns                ;
; N/A                                     ; 270.12 MHz ( period = 3.702 ns )                    ; counter[10] ; pulse~reg0  ; in_10Mhz   ; in_10Mhz ; None                        ; None                      ; 3.465 ns                ;
; N/A                                     ; 271.59 MHz ( period = 3.682 ns )                    ; counter[15] ; counter[10] ; in_10Mhz   ; in_10Mhz ; None                        ; None                      ; 3.443 ns                ;
; N/A                                     ; 272.55 MHz ( period = 3.669 ns )                    ; counter[0]  ; counter[16] ; in_10Mhz   ; in_10Mhz ; None                        ; None                      ; 3.428 ns                ;
; N/A                                     ; 273.90 MHz ( period = 3.651 ns )                    ; counter[14] ; counter[6]  ; in_10Mhz   ; in_10Mhz ; None                        ; None                      ; 3.412 ns                ;
; N/A                                     ; 273.90 MHz ( period = 3.651 ns )                    ; counter[14] ; counter[8]  ; in_10Mhz   ; in_10Mhz ; None                        ; None                      ; 3.412 ns                ;
; N/A                                     ; 275.86 MHz ( period = 3.625 ns )                    ; counter[14] ; pulse~reg0  ; in_10Mhz   ; in_10Mhz ; None                        ; None                      ; 3.388 ns                ;
; N/A                                     ; 276.63 MHz ( period = 3.615 ns )                    ; counter[9]  ; counter[17] ; in_10Mhz   ; in_10Mhz ; None                        ; None                      ; 3.376 ns                ;
; N/A                                     ; 276.63 MHz ( period = 3.615 ns )                    ; counter[9]  ; counter[11] ; in_10Mhz   ; in_10Mhz ; None                        ; None                      ; 3.376 ns                ;
; N/A                                     ; 276.70 MHz ( period = 3.614 ns )                    ; counter[9]  ; counter[16] ; in_10Mhz   ; in_10Mhz ; None                        ; None                      ; 3.375 ns                ;
; N/A                                     ; 276.85 MHz ( period = 3.612 ns )                    ; counter[6]  ; counter[16] ; in_10Mhz   ; in_10Mhz ; None                        ; None                      ; 3.373 ns                ;
; N/A                                     ; 277.93 MHz ( period = 3.598 ns )                    ; counter[11] ; counter[6]  ; in_10Mhz   ; in_10Mhz ; None                        ; None                      ; 3.359 ns                ;
; N/A                                     ; 277.93 MHz ( period = 3.598 ns )                    ; counter[11] ; counter[8]  ; in_10Mhz   ; in_10Mhz ; None                        ; None                      ; 3.359 ns                ;
; N/A                                     ; 278.78 MHz ( period = 3.587 ns )                    ; counter[15] ; counter[17] ; in_10Mhz   ; in_10Mhz ; None                        ; None                      ; 3.348 ns                ;
; N/A                                     ; 278.78 MHz ( period = 3.587 ns )                    ; counter[15] ; counter[11] ; in_10Mhz   ; in_10Mhz ; None                        ; None                      ; 3.348 ns                ;
; N/A                                     ; 278.86 MHz ( period = 3.586 ns )                    ; counter[15] ; counter[16] ; in_10Mhz   ; in_10Mhz ; None                        ; None                      ; 3.347 ns                ;
; N/A                                     ; 278.86 MHz ( period = 3.586 ns )                    ; counter[2]  ; counter[17] ; in_10Mhz   ; in_10Mhz ; None                        ; None                      ; 3.345 ns                ;
; N/A                                     ; 278.94 MHz ( period = 3.585 ns )                    ; counter[13] ; counter[6]  ; in_10Mhz   ; in_10Mhz ; None                        ; None                      ; 3.346 ns                ;
; N/A                                     ; 278.94 MHz ( period = 3.585 ns )                    ; counter[13] ; counter[8]  ; in_10Mhz   ; in_10Mhz ; None                        ; None                      ; 3.346 ns                ;
; N/A                                     ; 279.49 MHz ( period = 3.578 ns )                    ; counter[7]  ; counter[6]  ; in_10Mhz   ; in_10Mhz ; None                        ; None                      ; 3.337 ns                ;
; N/A                                     ; 279.49 MHz ( period = 3.578 ns )                    ; counter[7]  ; counter[8]  ; in_10Mhz   ; in_10Mhz ; None                        ; None                      ; 3.337 ns                ;
; N/A                                     ; 279.72 MHz ( period = 3.575 ns )                    ; counter[6]  ; counter[6]  ; in_10Mhz   ; in_10Mhz ; None                        ; None                      ; 3.336 ns                ;
; N/A                                     ; 279.72 MHz ( period = 3.575 ns )                    ; counter[6]  ; counter[8]  ; in_10Mhz   ; in_10Mhz ; None                        ; None                      ; 3.336 ns                ;
; N/A                                     ; 279.96 MHz ( period = 3.572 ns )                    ; counter[11] ; pulse~reg0  ; in_10Mhz   ; in_10Mhz ; None                        ; None                      ; 3.335 ns                ;
; N/A                                     ; 280.98 MHz ( period = 3.559 ns )                    ; counter[13] ; pulse~reg0  ; in_10Mhz   ; in_10Mhz ; None                        ; None                      ; 3.322 ns                ;
; N/A                                     ; 281.29 MHz ( period = 3.555 ns )                    ; counter[17] ; counter[10] ; in_10Mhz   ; in_10Mhz ; None                        ; None                      ; 3.316 ns                ;
; N/A                                     ; 281.77 MHz ( period = 3.549 ns )                    ; counter[3]  ; counter[17] ; in_10Mhz   ; in_10Mhz ; None                        ; None                      ; 3.308 ns                ;
; N/A                                     ; 282.25 MHz ( period = 3.543 ns )                    ; counter[1]  ; counter[16] ; in_10Mhz   ; in_10Mhz ; None                        ; None                      ; 3.302 ns                ;
; N/A                                     ; 282.49 MHz ( period = 3.540 ns )                    ; counter[8]  ; counter[16] ; in_10Mhz   ; in_10Mhz ; None                        ; None                      ; 3.301 ns                ;
; N/A                                     ; 284.41 MHz ( period = 3.516 ns )                    ; counter[10] ; counter[10] ; in_10Mhz   ; in_10Mhz ; None                        ; None                      ; 3.277 ns                ;
; N/A                                     ; 285.31 MHz ( period = 3.505 ns )                    ; counter[0]  ; counter[8]  ; in_10Mhz   ; in_10Mhz ; None                        ; None                      ; 3.264 ns                ;
; N/A                                     ; 287.69 MHz ( period = 3.476 ns )                    ; counter[8]  ; counter[6]  ; in_10Mhz   ; in_10Mhz ; None                        ; None                      ; 3.237 ns                ;
; N/A                                     ; 287.69 MHz ( period = 3.476 ns )                    ; counter[8]  ; counter[8]  ; in_10Mhz   ; in_10Mhz ; None                        ; None                      ; 3.237 ns                ;
; N/A                                     ; 289.02 MHz ( period = 3.460 ns )                    ; counter[17] ; counter[17] ; in_10Mhz   ; in_10Mhz ; None                        ; None                      ; 3.221 ns                ;
; N/A                                     ; 289.02 MHz ( period = 3.460 ns )                    ; counter[17] ; counter[11] ; in_10Mhz   ; in_10Mhz ; None                        ; None                      ; 3.221 ns                ;
; N/A                                     ; 289.10 MHz ( period = 3.459 ns )                    ; counter[17] ; counter[16] ; in_10Mhz   ; in_10Mhz ; None                        ; None                      ; 3.220 ns                ;
; N/A                                     ; 289.77 MHz ( period = 3.451 ns )                    ; counter[12] ; counter[6]  ; in_10Mhz   ; in_10Mhz ; None                        ; None                      ; 3.212 ns                ;
; N/A                                     ; 289.77 MHz ( period = 3.451 ns )                    ; counter[12] ; counter[8]  ; in_10Mhz   ; in_10Mhz ; None                        ; None                      ; 3.212 ns                ;
; N/A                                     ; 290.78 MHz ( period = 3.439 ns )                    ; counter[14] ; counter[10] ; in_10Mhz   ; in_10Mhz ; None                        ; None                      ; 3.200 ns                ;
; N/A                                     ; 291.97 MHz ( period = 3.425 ns )                    ; counter[12] ; pulse~reg0  ; in_10Mhz   ; in_10Mhz ; None                        ; None                      ; 3.188 ns                ;
; N/A                                     ; 292.23 MHz ( period = 3.422 ns )                    ; counter[4]  ; counter[17] ; in_10Mhz   ; in_10Mhz ; None                        ; None                      ; 3.181 ns                ;
; N/A                                     ; 292.31 MHz ( period = 3.421 ns )                    ; counter[10] ; counter[17] ; in_10Mhz   ; in_10Mhz ; None                        ; None                      ; 3.182 ns                ;
; N/A                                     ; 292.31 MHz ( period = 3.421 ns )                    ; counter[10] ; counter[11] ; in_10Mhz   ; in_10Mhz ; None                        ; None                      ; 3.182 ns                ;
; N/A                                     ; 292.40 MHz ( period = 3.420 ns )                    ; counter[10] ; counter[16] ; in_10Mhz   ; in_10Mhz ; None                        ; None                      ; 3.181 ns                ;
; N/A                                     ; 293.08 MHz ( period = 3.412 ns )                    ; counter[2]  ; counter[16] ; in_10Mhz   ; in_10Mhz ; None                        ; None                      ; 3.171 ns                ;
; N/A                                     ; 294.29 MHz ( period = 3.398 ns )                    ; counter[5]  ; counter[17] ; in_10Mhz   ; in_10Mhz ; None                        ; None                      ; 3.157 ns                ;
; N/A                                     ; 294.81 MHz ( period = 3.392 ns )                    ; counter[0]  ; counter[6]  ; in_10Mhz   ; in_10Mhz ; None                        ; None                      ; 3.151 ns                ;
; N/A                                     ; 295.33 MHz ( period = 3.386 ns )                    ; counter[11] ; counter[10] ; in_10Mhz   ; in_10Mhz ; None                        ; None                      ; 3.147 ns                ;
; N/A                                     ; 295.95 MHz ( period = 3.379 ns )                    ; counter[1]  ; counter[8]  ; in_10Mhz   ; in_10Mhz ; None                        ; None                      ; 3.138 ns                ;
; N/A                                     ; 296.30 MHz ( period = 3.375 ns )                    ; counter[3]  ; counter[16] ; in_10Mhz   ; in_10Mhz ; None                        ; None                      ; 3.134 ns                ;
; N/A                                     ; 296.47 MHz ( period = 3.373 ns )                    ; counter[13] ; counter[10] ; in_10Mhz   ; in_10Mhz ; None                        ; None                      ; 3.134 ns                ;
; N/A                                     ; 297.09 MHz ( period = 3.366 ns )                    ; counter[7]  ; counter[10] ; in_10Mhz   ; in_10Mhz ; None                        ; None                      ; 3.125 ns                ;
; N/A                                     ; 297.09 MHz ( period = 3.366 ns )                    ; counter[0]  ; pulse~reg0  ; in_10Mhz   ; in_10Mhz ; None                        ; None                      ; 3.127 ns                ;
; N/A                                     ; 297.35 MHz ( period = 3.363 ns )                    ; counter[6]  ; counter[10] ; in_10Mhz   ; in_10Mhz ; None                        ; None                      ; 3.124 ns                ;
; N/A                                     ; 299.04 MHz ( period = 3.344 ns )                    ; counter[14] ; counter[17] ; in_10Mhz   ; in_10Mhz ; None                        ; None                      ; 3.105 ns                ;
; N/A                                     ; 299.04 MHz ( period = 3.344 ns )                    ; counter[14] ; counter[11] ; in_10Mhz   ; in_10Mhz ; None                        ; None                      ; 3.105 ns                ;
; N/A                                     ; 299.13 MHz ( period = 3.343 ns )                    ; counter[14] ; counter[16] ; in_10Mhz   ; in_10Mhz ; None                        ; None                      ; 3.104 ns                ;
; N/A                                     ; 303.86 MHz ( period = 3.291 ns )                    ; counter[11] ; counter[17] ; in_10Mhz   ; in_10Mhz ; None                        ; None                      ; 3.052 ns                ;
; N/A                                     ; 303.86 MHz ( period = 3.291 ns )                    ; counter[11] ; counter[11] ; in_10Mhz   ; in_10Mhz ; None                        ; None                      ; 3.052 ns                ;
; N/A                                     ; 303.95 MHz ( period = 3.290 ns )                    ; counter[11] ; counter[16] ; in_10Mhz   ; in_10Mhz ; None                        ; None                      ; 3.051 ns                ;
; N/A                                     ; 305.06 MHz ( period = 3.278 ns )                    ; counter[13] ; counter[17] ; in_10Mhz   ; in_10Mhz ; None                        ; None                      ; 3.039 ns                ;
; N/A                                     ; 305.06 MHz ( period = 3.278 ns )                    ; counter[13] ; counter[11] ; in_10Mhz   ; in_10Mhz ; None                        ; None                      ; 3.039 ns                ;
; N/A                                     ; 305.16 MHz ( period = 3.277 ns )                    ; counter[13] ; counter[16] ; in_10Mhz   ; in_10Mhz ; None                        ; None                      ; 3.038 ns                ;
; N/A                                     ; 305.72 MHz ( period = 3.271 ns )                    ; counter[7]  ; counter[17] ; in_10Mhz   ; in_10Mhz ; None                        ; None                      ; 3.030 ns                ;
; N/A                                     ; 305.72 MHz ( period = 3.271 ns )                    ; counter[0]  ; counter[11] ; in_10Mhz   ; in_10Mhz ; None                        ; None                      ; 3.030 ns                ;
; N/A                                     ; 305.72 MHz ( period = 3.271 ns )                    ; counter[7]  ; counter[11] ; in_10Mhz   ; in_10Mhz ; None                        ; None                      ; 3.030 ns                ;
; N/A                                     ; 305.81 MHz ( period = 3.270 ns )                    ; counter[7]  ; counter[16] ; in_10Mhz   ; in_10Mhz ; None                        ; None                      ; 3.029 ns                ;
; N/A                                     ; 306.00 MHz ( period = 3.268 ns )                    ; counter[6]  ; counter[11] ; in_10Mhz   ; in_10Mhz ; None                        ; None                      ; 3.029 ns                ;
; N/A                                     ; 306.37 MHz ( period = 3.264 ns )                    ; counter[8]  ; counter[10] ; in_10Mhz   ; in_10Mhz ; None                        ; None                      ; 3.025 ns                ;
; N/A                                     ; 307.13 MHz ( period = 3.256 ns )                    ; counter[5]  ; counter[6]  ; in_10Mhz   ; in_10Mhz ; None                        ; None                      ; 3.015 ns                ;
; N/A                                     ; 307.13 MHz ( period = 3.256 ns )                    ; counter[5]  ; counter[8]  ; in_10Mhz   ; in_10Mhz ; None                        ; None                      ; 3.015 ns                ;
; N/A                                     ; 307.88 MHz ( period = 3.248 ns )                    ; counter[4]  ; counter[16] ; in_10Mhz   ; in_10Mhz ; None                        ; None                      ; 3.007 ns                ;
; N/A                                     ; 307.88 MHz ( period = 3.248 ns )                    ; counter[2]  ; counter[8]  ; in_10Mhz   ; in_10Mhz ; None                        ; None                      ; 3.007 ns                ;
; N/A                                     ; 308.74 MHz ( period = 3.239 ns )                    ; counter[12] ; counter[10] ; in_10Mhz   ; in_10Mhz ; None                        ; None                      ; 3.000 ns                ;
; N/A                                     ; 310.17 MHz ( period = 3.224 ns )                    ; counter[5]  ; counter[16] ; in_10Mhz   ; in_10Mhz ; None                        ; None                      ; 2.983 ns                ;
; N/A                                     ; 311.24 MHz ( period = 3.213 ns )                    ; counter[1]  ; counter[6]  ; in_10Mhz   ; in_10Mhz ; None                        ; None                      ; 2.972 ns                ;
; N/A                                     ; 311.43 MHz ( period = 3.211 ns )                    ; counter[3]  ; counter[8]  ; in_10Mhz   ; in_10Mhz ; None                        ; None                      ; 2.970 ns                ;
; N/A                                     ; 312.40 MHz ( period = 3.201 ns )                    ; counter[4]  ; counter[6]  ; in_10Mhz   ; in_10Mhz ; None                        ; None                      ; 2.960 ns                ;
; N/A                                     ; 312.40 MHz ( period = 3.201 ns )                    ; counter[4]  ; counter[8]  ; in_10Mhz   ; in_10Mhz ; None                        ; None                      ; 2.960 ns                ;
; N/A                                     ; 314.47 MHz ( period = 3.180 ns )                    ; counter[0]  ; counter[10] ; in_10Mhz   ; in_10Mhz ; None                        ; None                      ; 2.939 ns                ;
; N/A                                     ; 314.96 MHz ( period = 3.175 ns )                    ; counter[4]  ; pulse~reg0  ; in_10Mhz   ; in_10Mhz ; None                        ; None                      ; 2.936 ns                ;
; N/A                                     ; 315.56 MHz ( period = 3.169 ns )                    ; counter[8]  ; counter[11] ; in_10Mhz   ; in_10Mhz ; None                        ; None                      ; 2.930 ns                ;
; N/A                                     ; 317.97 MHz ( period = 3.145 ns )                    ; counter[1]  ; counter[11] ; in_10Mhz   ; in_10Mhz ; None                        ; None                      ; 2.904 ns                ;
; N/A                                     ; 318.07 MHz ( period = 3.144 ns )                    ; counter[12] ; counter[17] ; in_10Mhz   ; in_10Mhz ; None                        ; None                      ; 2.905 ns                ;
; N/A                                     ; 318.07 MHz ( period = 3.144 ns )                    ; counter[12] ; counter[11] ; in_10Mhz   ; in_10Mhz ; None                        ; None                      ; 2.905 ns                ;
; N/A                                     ; 318.17 MHz ( period = 3.143 ns )                    ; counter[12] ; counter[16] ; in_10Mhz   ; in_10Mhz ; None                        ; None                      ; 2.904 ns                ;
; N/A                                     ; 324.46 MHz ( period = 3.082 ns )                    ; counter[2]  ; counter[6]  ; in_10Mhz   ; in_10Mhz ; None                        ; None                      ; 2.841 ns                ;
; N/A                                     ; 328.41 MHz ( period = 3.045 ns )                    ; counter[3]  ; counter[6]  ; in_10Mhz   ; in_10Mhz ; None                        ; None                      ; 2.804 ns                ;
; N/A                                     ; 328.52 MHz ( period = 3.044 ns )                    ; counter[5]  ; counter[10] ; in_10Mhz   ; in_10Mhz ; None                        ; None                      ; 2.803 ns                ;
; N/A                                     ; 331.35 MHz ( period = 3.018 ns )                    ; counter[3]  ; pulse~reg0  ; in_10Mhz   ; in_10Mhz ; None                        ; None                      ; 2.779 ns                ;
; N/A                                     ; 331.79 MHz ( period = 3.014 ns )                    ; counter[2]  ; counter[11] ; in_10Mhz   ; in_10Mhz ; None                        ; None                      ; 2.773 ns                ;
; N/A                                     ; 334.56 MHz ( period = 2.989 ns )                    ; counter[4]  ; counter[10] ; in_10Mhz   ; in_10Mhz ; None                        ; None                      ; 2.748 ns                ;
; N/A                                     ; 335.91 MHz ( period = 2.977 ns )                    ; counter[3]  ; counter[11] ; in_10Mhz   ; in_10Mhz ; None                        ; None                      ; 2.736 ns                ;
; N/A                                     ; 337.84 MHz ( period = 2.960 ns )                    ; counter[0]  ; counter[15] ; in_10Mhz   ; in_10Mhz ; None                        ; None                      ; 2.719 ns                ;
; N/A                                     ; 339.10 MHz ( period = 2.949 ns )                    ; counter[5]  ; counter[11] ; in_10Mhz   ; in_10Mhz ; None                        ; None                      ; 2.708 ns                ;
; N/A                                     ; 343.88 MHz ( period = 2.908 ns )                    ; counter[1]  ; counter[10] ; in_10Mhz   ; in_10Mhz ; None                        ; None                      ; 2.667 ns                ;
; N/A                                     ; 344.47 MHz ( period = 2.903 ns )                    ; counter[6]  ; counter[15] ; in_10Mhz   ; in_10Mhz ; None                        ; None                      ; 2.664 ns                ;
; N/A                                     ; 345.54 MHz ( period = 2.894 ns )                    ; counter[4]  ; counter[11] ; in_10Mhz   ; in_10Mhz ; None                        ; None                      ; 2.653 ns                ;
; N/A                                     ; 347.22 MHz ( period = 2.880 ns )                    ; counter[0]  ; counter[14] ; in_10Mhz   ; in_10Mhz ; None                        ; None                      ; 2.639 ns                ;
; N/A                                     ; 352.86 MHz ( period = 2.834 ns )                    ; counter[1]  ; counter[15] ; in_10Mhz   ; in_10Mhz ; None                        ; None                      ; 2.593 ns                ;
; N/A                                     ; 353.11 MHz ( period = 2.832 ns )                    ; counter[3]  ; counter[10] ; in_10Mhz   ; in_10Mhz ; None                        ; None                      ; 2.591 ns                ;
; N/A                                     ; 353.23 MHz ( period = 2.831 ns )                    ; counter[8]  ; counter[15] ; in_10Mhz   ; in_10Mhz ; None                        ; None                      ; 2.592 ns                ;
; N/A                                     ; 354.23 MHz ( period = 2.823 ns )                    ; counter[6]  ; counter[14] ; in_10Mhz   ; in_10Mhz ; None                        ; None                      ; 2.584 ns                ;
; N/A                                     ; 357.14 MHz ( period = 2.800 ns )                    ; counter[0]  ; counter[13] ; in_10Mhz   ; in_10Mhz ; None                        ; None                      ; 2.559 ns                ;
; N/A                                     ; 360.10 MHz ( period = 2.777 ns )                    ; counter[2]  ; counter[10] ; in_10Mhz   ; in_10Mhz ; None                        ; None                      ; 2.536 ns                ;
; N/A                                     ; 363.11 MHz ( period = 2.754 ns )                    ; counter[1]  ; counter[14] ; in_10Mhz   ; in_10Mhz ; None                        ; None                      ; 2.513 ns                ;
; N/A                                     ; 363.50 MHz ( period = 2.751 ns )                    ; counter[8]  ; counter[14] ; in_10Mhz   ; in_10Mhz ; None                        ; None                      ; 2.512 ns                ;
; N/A                                     ; 364.56 MHz ( period = 2.743 ns )                    ; counter[6]  ; counter[13] ; in_10Mhz   ; in_10Mhz ; None                        ; None                      ; 2.504 ns                ;
; N/A                                     ; 367.65 MHz ( period = 2.720 ns )                    ; counter[0]  ; counter[12] ; in_10Mhz   ; in_10Mhz ; None                        ; None                      ; 2.479 ns                ;
; N/A                                     ; 369.96 MHz ( period = 2.703 ns )                    ; counter[2]  ; counter[15] ; in_10Mhz   ; in_10Mhz ; None                        ; None                      ; 2.462 ns                ;
; N/A                                     ; 373.97 MHz ( period = 2.674 ns )                    ; counter[1]  ; counter[13] ; in_10Mhz   ; in_10Mhz ; None                        ; None                      ; 2.433 ns                ;
; N/A                                     ; 374.39 MHz ( period = 2.671 ns )                    ; counter[8]  ; counter[13] ; in_10Mhz   ; in_10Mhz ; None                        ; None                      ; 2.432 ns                ;
; N/A                                     ; 375.09 MHz ( period = 2.666 ns )                    ; counter[3]  ; counter[15] ; in_10Mhz   ; in_10Mhz ; None                        ; None                      ; 2.425 ns                ;
; N/A                                     ; 375.52 MHz ( period = 2.663 ns )                    ; counter[6]  ; counter[12] ; in_10Mhz   ; in_10Mhz ; None                        ; None                      ; 2.424 ns                ;
; N/A                                     ; Restricted to 380.08 MHz ( period = 2.631 ns )      ; counter[2]  ; counter[14] ; in_10Mhz   ; in_10Mhz ; None                        ; None                      ; 2.382 ns                ;
; N/A                                     ; Restricted to 380.08 MHz ( period = 2.631 ns )      ; counter[1]  ; counter[12] ; in_10Mhz   ; in_10Mhz ; None                        ; None                      ; 2.353 ns                ;
; N/A                                     ; Restricted to 380.08 MHz ( period = 2.631 ns )      ; counter[8]  ; counter[12] ; in_10Mhz   ; in_10Mhz ; None                        ; None                      ; 2.352 ns                ;
; N/A                                     ; Restricted to 380.08 MHz ( period = 2.631 ns )      ; counter[3]  ; counter[14] ; in_10Mhz   ; in_10Mhz ; None                        ; None                      ; 2.345 ns                ;
; N/A                                     ; Restricted to 380.08 MHz ( period = 2.631 ns )      ; counter[2]  ; counter[13] ; in_10Mhz   ; in_10Mhz ; None                        ; None                      ; 2.302 ns                ;
; N/A                                     ; Restricted to 380.08 MHz ( period = 2.631 ns )      ; counter[4]  ; counter[15] ; in_10Mhz   ; in_10Mhz ; None                        ; None                      ; 2.298 ns                ;
; N/A                                     ; Restricted to 380.08 MHz ( period = 2.631 ns )      ; counter[5]  ; counter[15] ; in_10Mhz   ; in_10Mhz ; None                        ; None                      ; 2.274 ns                ;
; N/A                                     ; Restricted to 380.08 MHz ( period = 2.631 ns )      ; counter[3]  ; counter[13] ; in_10Mhz   ; in_10Mhz ; None                        ; None                      ; 2.265 ns                ;
; N/A                                     ; Restricted to 380.08 MHz ( period = 2.631 ns )      ; counter[0]  ; counter[9]  ; in_10Mhz   ; in_10Mhz ; None                        ; None                      ; 2.239 ns                ;
; N/A                                     ; Restricted to 380.08 MHz ( period = 2.631 ns )      ; counter[2]  ; counter[12] ; in_10Mhz   ; in_10Mhz ; None                        ; None                      ; 2.222 ns                ;
; N/A                                     ; Restricted to 380.08 MHz ( period = 2.631 ns )      ; counter[4]  ; counter[14] ; in_10Mhz   ; in_10Mhz ; None                        ; None                      ; 2.218 ns                ;
; N/A                                     ; Restricted to 380.08 MHz ( period = 2.631 ns )      ; counter[5]  ; counter[14] ; in_10Mhz   ; in_10Mhz ; None                        ; None                      ; 2.194 ns                ;
; N/A                                     ; Restricted to 380.08 MHz ( period = 2.631 ns )      ; counter[3]  ; counter[12] ; in_10Mhz   ; in_10Mhz ; None                        ; None                      ; 2.185 ns                ;
; N/A                                     ; Restricted to 380.08 MHz ( period = 2.631 ns )      ; counter[6]  ; counter[9]  ; in_10Mhz   ; in_10Mhz ; None                        ; None                      ; 2.184 ns                ;
; N/A                                     ; Restricted to 380.08 MHz ( period = 2.631 ns )      ; counter[4]  ; counter[13] ; in_10Mhz   ; in_10Mhz ; None                        ; None                      ; 2.138 ns                ;
; N/A                                     ; Restricted to 380.08 MHz ( period = 2.631 ns )      ; counter[2]  ; pulse~reg0  ; in_10Mhz   ; in_10Mhz ; None                        ; None                      ; 2.130 ns                ;
; N/A                                     ; Restricted to 380.08 MHz ( period = 2.631 ns )      ; counter[5]  ; counter[13] ; in_10Mhz   ; in_10Mhz ; None                        ; None                      ; 2.114 ns                ;
; N/A                                     ; Restricted to 380.08 MHz ( period = 2.631 ns )      ; counter[1]  ; counter[9]  ; in_10Mhz   ; in_10Mhz ; None                        ; None                      ; 2.113 ns                ;
; N/A                                     ; Restricted to 380.08 MHz ( period = 2.631 ns )      ; counter[8]  ; counter[9]  ; in_10Mhz   ; in_10Mhz ; None                        ; None                      ; 2.112 ns                ;
; N/A                                     ; Restricted to 380.08 MHz ( period = 2.631 ns )      ; counter[4]  ; counter[12] ; in_10Mhz   ; in_10Mhz ; None                        ; None                      ; 2.058 ns                ;
; N/A                                     ; Restricted to 380.08 MHz ( period = 2.631 ns )      ; counter[7]  ; counter[15] ; in_10Mhz   ; in_10Mhz ; None                        ; None                      ; 2.050 ns                ;
; N/A                                     ; Restricted to 380.08 MHz ( period = 2.631 ns )      ; counter[5]  ; counter[12] ; in_10Mhz   ; in_10Mhz ; None                        ; None                      ; 2.034 ns                ;
; N/A                                     ; Restricted to 380.08 MHz ( period = 2.631 ns )      ; counter[0]  ; counter[7]  ; in_10Mhz   ; in_10Mhz ; None                        ; None                      ; 1.998 ns                ;
; N/A                                     ; Restricted to 380.08 MHz ( period = 2.631 ns )      ; counter[2]  ; counter[9]  ; in_10Mhz   ; in_10Mhz ; None                        ; None                      ; 1.982 ns                ;
; N/A                                     ; Restricted to 380.08 MHz ( period = 2.631 ns )      ; counter[7]  ; counter[14] ; in_10Mhz   ; in_10Mhz ; None                        ; None                      ; 1.970 ns                ;
; N/A                                     ; Restricted to 380.08 MHz ( period = 2.631 ns )      ; counter[3]  ; counter[9]  ; in_10Mhz   ; in_10Mhz ; None                        ; None                      ; 1.945 ns                ;
; N/A                                     ; Restricted to 380.08 MHz ( period = 2.631 ns )      ; counter[6]  ; counter[7]  ; in_10Mhz   ; in_10Mhz ; None                        ; None                      ; 1.943 ns                ;
; N/A                                     ; Restricted to 380.08 MHz ( period = 2.631 ns )      ; counter[7]  ; counter[13] ; in_10Mhz   ; in_10Mhz ; None                        ; None                      ; 1.890 ns                ;
; N/A                                     ; Restricted to 380.08 MHz ( period = 2.631 ns )      ; counter[1]  ; counter[7]  ; in_10Mhz   ; in_10Mhz ; None                        ; None                      ; 1.872 ns                ;
; N/A                                     ; Restricted to 380.08 MHz ( period = 2.631 ns )      ; counter[0]  ; counter[5]  ; in_10Mhz   ; in_10Mhz ; None                        ; None                      ; 1.838 ns                ;
; N/A                                     ; Restricted to 380.08 MHz ( period = 2.631 ns )      ; counter[4]  ; counter[9]  ; in_10Mhz   ; in_10Mhz ; None                        ; None                      ; 1.818 ns                ;
; N/A                                     ; Restricted to 380.08 MHz ( period = 2.631 ns )      ; counter[7]  ; counter[12] ; in_10Mhz   ; in_10Mhz ; None                        ; None                      ; 1.810 ns                ;
; N/A                                     ; Restricted to 380.08 MHz ( period = 2.631 ns )      ; counter[9]  ; counter[15] ; in_10Mhz   ; in_10Mhz ; None                        ; None                      ; 1.809 ns                ;
; N/A                                     ; Restricted to 380.08 MHz ( period = 2.631 ns )      ; counter[5]  ; counter[9]  ; in_10Mhz   ; in_10Mhz ; None                        ; None                      ; 1.794 ns                ;
; N/A                                     ; Restricted to 380.08 MHz ( period = 2.631 ns )      ; counter[0]  ; counter[4]  ; in_10Mhz   ; in_10Mhz ; None                        ; None                      ; 1.758 ns                ;
; N/A                                     ; Restricted to 380.08 MHz ( period = 2.631 ns )      ; counter[10] ; counter[15] ; in_10Mhz   ; in_10Mhz ; None                        ; None                      ; 1.743 ns                ;
; N/A                                     ; Restricted to 380.08 MHz ( period = 2.631 ns )      ; counter[2]  ; counter[7]  ; in_10Mhz   ; in_10Mhz ; None                        ; None                      ; 1.741 ns                ;
; N/A                                     ; Restricted to 380.08 MHz ( period = 2.631 ns )      ; counter[9]  ; counter[14] ; in_10Mhz   ; in_10Mhz ; None                        ; None                      ; 1.729 ns                ;
; N/A                                     ; Restricted to 380.08 MHz ( period = 2.631 ns )      ; counter[1]  ; counter[5]  ; in_10Mhz   ; in_10Mhz ; None                        ; None                      ; 1.712 ns                ;
; N/A                                     ; Restricted to 380.08 MHz ( period = 2.631 ns )      ; counter[11] ; counter[15] ; in_10Mhz   ; in_10Mhz ; None                        ; None                      ; 1.709 ns                ;
; N/A                                     ; Restricted to 380.08 MHz ( period = 2.631 ns )      ; counter[3]  ; counter[7]  ; in_10Mhz   ; in_10Mhz ; None                        ; None                      ; 1.704 ns                ;
; N/A                                     ; Restricted to 380.08 MHz ( period = 2.631 ns )      ; counter[0]  ; counter[3]  ; in_10Mhz   ; in_10Mhz ; None                        ; None                      ; 1.678 ns                ;
; N/A                                     ; Restricted to 380.08 MHz ( period = 2.631 ns )      ; counter[1]  ; pulse~reg0  ; in_10Mhz   ; in_10Mhz ; None                        ; None                      ; 1.671 ns                ;
; N/A                                     ; Restricted to 380.08 MHz ( period = 2.631 ns )      ; counter[10] ; counter[14] ; in_10Mhz   ; in_10Mhz ; None                        ; None                      ; 1.663 ns                ;
; N/A                                     ; Restricted to 380.08 MHz ( period = 2.631 ns )      ; counter[9]  ; counter[13] ; in_10Mhz   ; in_10Mhz ; None                        ; None                      ; 1.649 ns                ;
; N/A                                     ; Restricted to 380.08 MHz ( period = 2.631 ns )      ; counter[1]  ; counter[4]  ; in_10Mhz   ; in_10Mhz ; None                        ; None                      ; 1.632 ns                ;
; N/A                                     ; Restricted to 380.08 MHz ( period = 2.631 ns )      ; counter[12] ; counter[15] ; in_10Mhz   ; in_10Mhz ; None                        ; None                      ; 1.629 ns                ;
; N/A                                     ; Restricted to 380.08 MHz ( period = 2.631 ns )      ; counter[11] ; counter[14] ; in_10Mhz   ; in_10Mhz ; None                        ; None                      ; 1.629 ns                ;
; N/A                                     ; Restricted to 380.08 MHz ( period = 2.631 ns )      ; counter[0]  ; counter[2]  ; in_10Mhz   ; in_10Mhz ; None                        ; None                      ; 1.598 ns                ;
; N/A                                     ; Restricted to 380.08 MHz ( period = 2.631 ns )      ; counter[10] ; counter[13] ; in_10Mhz   ; in_10Mhz ; None                        ; None                      ; 1.583 ns                ;
; N/A                                     ; Restricted to 380.08 MHz ( period = 2.631 ns )      ; counter[2]  ; counter[5]  ; in_10Mhz   ; in_10Mhz ; None                        ; None                      ; 1.581 ns                ;
; N/A                                     ; Restricted to 380.08 MHz ( period = 2.631 ns )      ; counter[4]  ; counter[7]  ; in_10Mhz   ; in_10Mhz ; None                        ; None                      ; 1.577 ns                ;
; N/A                                     ; Restricted to 380.08 MHz ( period = 2.631 ns )      ; counter[7]  ; counter[9]  ; in_10Mhz   ; in_10Mhz ; None                        ; None                      ; 1.570 ns                ;
; N/A                                     ; Restricted to 380.08 MHz ( period = 2.631 ns )      ; counter[9]  ; counter[12] ; in_10Mhz   ; in_10Mhz ; None                        ; None                      ; 1.569 ns                ;
; N/A                                     ; Restricted to 380.08 MHz ( period = 2.631 ns )      ; counter[5]  ; counter[7]  ; in_10Mhz   ; in_10Mhz ; None                        ; None                      ; 1.553 ns                ;
; N/A                                     ; Restricted to 380.08 MHz ( period = 2.631 ns )      ; counter[1]  ; counter[3]  ; in_10Mhz   ; in_10Mhz ; None                        ; None                      ; 1.552 ns                ;
; N/A                                     ; Restricted to 380.08 MHz ( period = 2.631 ns )      ; counter[12] ; counter[14] ; in_10Mhz   ; in_10Mhz ; None                        ; None                      ; 1.549 ns                ;
; N/A                                     ; Restricted to 380.08 MHz ( period = 2.631 ns )      ; counter[11] ; counter[13] ; in_10Mhz   ; in_10Mhz ; None                        ; None                      ; 1.549 ns                ;
; N/A                                     ; Restricted to 380.08 MHz ( period = 2.631 ns )      ; counter[3]  ; counter[5]  ; in_10Mhz   ; in_10Mhz ; None                        ; None                      ; 1.544 ns                ;
; N/A                                     ; Restricted to 380.08 MHz ( period = 2.631 ns )      ; counter[0]  ; counter[1]  ; in_10Mhz   ; in_10Mhz ; None                        ; None                      ; 1.518 ns                ;
; Timing analysis restricted to 200 rows. ; To change the limit use Settings (Assignments menu) ;             ;             ;            ;          ;                             ;                           ;                         ;
+-----------------------------------------+-----------------------------------------------------+-------------+-------------+------------+----------+-----------------------------+---------------------------+-------------------------+


+-------------------------------------------------------------------+
; tsu                                                               ;
+-------+--------------+------------+-------+------------+----------+
; Slack ; Required tsu ; Actual tsu ; From  ; To         ; To Clock ;
+-------+--------------+------------+-------+------------+----------+
; N/A   ; None         ; 1.432 ns   ; reset ; pulse~reg0 ; in_10Mhz ;
+-------+--------------+------------+-------+------------+----------+


+---------------------------------------------------------------------+
; tco                                                                 ;
+-------+--------------+------------+------------+-------+------------+
; Slack ; Required tco ; Actual tco ; From       ; To    ; From Clock ;
+-------+--------------+------------+------------+-------+------------+
; N/A   ; None         ; 8.792 ns   ; pulse~reg0 ; pulse ; in_10Mhz   ;
+-------+--------------+------------+------------+-------+------------+


+-------------------------------------------------------------------------+
; th                                                                      ;
+---------------+-------------+-----------+-------+------------+----------+
; Minimum Slack ; Required th ; Actual th ; From  ; To         ; To Clock ;
+---------------+-------------+-----------+-------+------------+----------+
; N/A           ; None        ; -1.030 ns ; reset ; pulse~reg0 ; in_10Mhz ;
+---------------+-------------+-----------+-------+------------+----------+


+--------------------------+
; Timing Analyzer Messages ;
+--------------------------+
Info: *******************************************************************
Info: Running Quartus II Classic Timing Analyzer
    Info: Version 9.1 Build 222 10/21/2009 SJ Web Edition
    Info: Processing started: Mon Jun 06 11:54:43 2016
Info: Command: quartus_tan --read_settings_files=off --write_settings_files=off PWM -c PWM --timing_analysis_only
Warning: Found pins functioning as undefined clocks and/or memory enables
    Info: Assuming node "in_10Mhz" is an undefined clock
Info: Clock "in_10Mhz" has Internal fmax of 245.4 MHz between source register "counter[5]" and destination register "pulse~reg0" (period= 4.075 ns)
    Info: + Longest register to register delay is 3.836 ns
        Info: 1: + IC(0.000 ns) + CELL(0.000 ns) = 0.000 ns; Loc. = LCFF_X24_Y12_N25; Fanout = 4; REG Node = 'counter[5]'
        Info: 2: + IC(0.922 ns) + CELL(0.322 ns) = 1.244 ns; Loc. = LCCOMB_X24_Y11_N18; Fanout = 1; COMB Node = 'pulse~0'
        Info: 3: + IC(0.293 ns) + CELL(0.178 ns) = 1.715 ns; Loc. = LCCOMB_X24_Y11_N24; Fanout = 1; COMB Node = 'pulse~1'
        Info: 4: + IC(0.305 ns) + CELL(0.322 ns) = 2.342 ns; Loc. = LCCOMB_X24_Y11_N26; Fanout = 1; COMB Node = 'pulse~2'
        Info: 5: + IC(0.877 ns) + CELL(0.521 ns) = 3.740 ns; Loc. = LCCOMB_X24_Y12_N0; Fanout = 1; COMB Node = 'pulse~5'
        Info: 6: + IC(0.000 ns) + CELL(0.096 ns) = 3.836 ns; Loc. = LCFF_X24_Y12_N1; Fanout = 2; REG Node = 'pulse~reg0'
        Info: Total cell delay = 1.439 ns ( 37.51 % )
        Info: Total interconnect delay = 2.397 ns ( 62.49 % )
    Info: - Smallest clock skew is 0.000 ns
        Info: + Shortest clock path from clock "in_10Mhz" to destination register is 2.861 ns
            Info: 1: + IC(0.000 ns) + CELL(1.026 ns) = 1.026 ns; Loc. = PIN_M1; Fanout = 1; CLK Node = 'in_10Mhz'
            Info: 2: + IC(0.238 ns) + CELL(0.000 ns) = 1.264 ns; Loc. = CLKCTRL_G3; Fanout = 19; COMB Node = 'in_10Mhz~clkctrl'
            Info: 3: + IC(0.995 ns) + CELL(0.602 ns) = 2.861 ns; Loc. = LCFF_X24_Y12_N1; Fanout = 2; REG Node = 'pulse~reg0'
            Info: Total cell delay = 1.628 ns ( 56.90 % )
            Info: Total interconnect delay = 1.233 ns ( 43.10 % )
        Info: - Longest clock path from clock "in_10Mhz" to source register is 2.861 ns
            Info: 1: + IC(0.000 ns) + CELL(1.026 ns) = 1.026 ns; Loc. = PIN_M1; Fanout = 1; CLK Node = 'in_10Mhz'
            Info: 2: + IC(0.238 ns) + CELL(0.000 ns) = 1.264 ns; Loc. = CLKCTRL_G3; Fanout = 19; COMB Node = 'in_10Mhz~clkctrl'
            Info: 3: + IC(0.995 ns) + CELL(0.602 ns) = 2.861 ns; Loc. = LCFF_X24_Y12_N25; Fanout = 4; REG Node = 'counter[5]'
            Info: Total cell delay = 1.628 ns ( 56.90 % )
            Info: Total interconnect delay = 1.233 ns ( 43.10 % )
    Info: + Micro clock to output delay of source is 0.277 ns
    Info: + Micro setup delay of destination is -0.038 ns
Info: tsu for register "pulse~reg0" (data pin = "reset", clock pin = "in_10Mhz") is 1.432 ns
    Info: + Longest pin to register delay is 4.331 ns
        Info: 1: + IC(0.000 ns) + CELL(1.026 ns) = 1.026 ns; Loc. = PIN_M2; Fanout = 3; PIN Node = 'reset'
        Info: 2: + IC(1.140 ns) + CELL(0.516 ns) = 2.682 ns; Loc. = LCCOMB_X15_Y13_N16; Fanout = 1; COMB Node = 'pulse~3'
        Info: 3: + IC(1.375 ns) + CELL(0.178 ns) = 4.235 ns; Loc. = LCCOMB_X24_Y12_N0; Fanout = 1; COMB Node = 'pulse~5'
        Info: 4: + IC(0.000 ns) + CELL(0.096 ns) = 4.331 ns; Loc. = LCFF_X24_Y12_N1; Fanout = 2; REG Node = 'pulse~reg0'
        Info: Total cell delay = 1.816 ns ( 41.93 % )
        Info: Total interconnect delay = 2.515 ns ( 58.07 % )
    Info: + Micro setup delay of destination is -0.038 ns
    Info: - Shortest clock path from clock "in_10Mhz" to destination register is 2.861 ns
        Info: 1: + IC(0.000 ns) + CELL(1.026 ns) = 1.026 ns; Loc. = PIN_M1; Fanout = 1; CLK Node = 'in_10Mhz'
        Info: 2: + IC(0.238 ns) + CELL(0.000 ns) = 1.264 ns; Loc. = CLKCTRL_G3; Fanout = 19; COMB Node = 'in_10Mhz~clkctrl'
        Info: 3: + IC(0.995 ns) + CELL(0.602 ns) = 2.861 ns; Loc. = LCFF_X24_Y12_N1; Fanout = 2; REG Node = 'pulse~reg0'
        Info: Total cell delay = 1.628 ns ( 56.90 % )
        Info: Total interconnect delay = 1.233 ns ( 43.10 % )
Info: tco from clock "in_10Mhz" to destination pin "pulse" through register "pulse~reg0" is 8.792 ns
    Info: + Longest clock path from clock "in_10Mhz" to source register is 2.861 ns
        Info: 1: + IC(0.000 ns) + CELL(1.026 ns) = 1.026 ns; Loc. = PIN_M1; Fanout = 1; CLK Node = 'in_10Mhz'
        Info: 2: + IC(0.238 ns) + CELL(0.000 ns) = 1.264 ns; Loc. = CLKCTRL_G3; Fanout = 19; COMB Node = 'in_10Mhz~clkctrl'
        Info: 3: + IC(0.995 ns) + CELL(0.602 ns) = 2.861 ns; Loc. = LCFF_X24_Y12_N1; Fanout = 2; REG Node = 'pulse~reg0'
        Info: Total cell delay = 1.628 ns ( 56.90 % )
        Info: Total interconnect delay = 1.233 ns ( 43.10 % )
    Info: + Micro clock to output delay of source is 0.277 ns
    Info: + Longest register to pin delay is 5.654 ns
        Info: 1: + IC(0.000 ns) + CELL(0.000 ns) = 0.000 ns; Loc. = LCFF_X24_Y12_N1; Fanout = 2; REG Node = 'pulse~reg0'
        Info: 2: + IC(2.824 ns) + CELL(2.830 ns) = 5.654 ns; Loc. = PIN_P15; Fanout = 0; PIN Node = 'pulse'
        Info: Total cell delay = 2.830 ns ( 50.05 % )
        Info: Total interconnect delay = 2.824 ns ( 49.95 % )
Info: th for register "pulse~reg0" (data pin = "reset", clock pin = "in_10Mhz") is -1.030 ns
    Info: + Longest clock path from clock "in_10Mhz" to destination register is 2.861 ns
        Info: 1: + IC(0.000 ns) + CELL(1.026 ns) = 1.026 ns; Loc. = PIN_M1; Fanout = 1; CLK Node = 'in_10Mhz'
        Info: 2: + IC(0.238 ns) + CELL(0.000 ns) = 1.264 ns; Loc. = CLKCTRL_G3; Fanout = 19; COMB Node = 'in_10Mhz~clkctrl'
        Info: 3: + IC(0.995 ns) + CELL(0.602 ns) = 2.861 ns; Loc. = LCFF_X24_Y12_N1; Fanout = 2; REG Node = 'pulse~reg0'
        Info: Total cell delay = 1.628 ns ( 56.90 % )
        Info: Total interconnect delay = 1.233 ns ( 43.10 % )
    Info: + Micro hold delay of destination is 0.286 ns
    Info: - Shortest pin to register delay is 4.177 ns
        Info: 1: + IC(0.000 ns) + CELL(1.026 ns) = 1.026 ns; Loc. = PIN_M2; Fanout = 3; PIN Node = 'reset'
        Info: 2: + IC(1.702 ns) + CELL(0.491 ns) = 3.219 ns; Loc. = LCCOMB_X24_Y12_N12; Fanout = 1; COMB Node = 'pulse~4'
        Info: 3: + IC(0.317 ns) + CELL(0.545 ns) = 4.081 ns; Loc. = LCCOMB_X24_Y12_N0; Fanout = 1; COMB Node = 'pulse~5'
        Info: 4: + IC(0.000 ns) + CELL(0.096 ns) = 4.177 ns; Loc. = LCFF_X24_Y12_N1; Fanout = 2; REG Node = 'pulse~reg0'
        Info: Total cell delay = 2.158 ns ( 51.66 % )
        Info: Total interconnect delay = 2.019 ns ( 48.34 % )
Info: Quartus II Classic Timing Analyzer was successful. 0 errors, 2 warnings
    Info: Peak virtual memory: 157 megabytes
    Info: Processing ended: Mon Jun 06 11:54:44 2016
    Info: Elapsed time: 00:00:01
    Info: Total CPU time (on all processors): 00:00:00


